2015/04/14 14:11:03 [warning] [application] Ustawianie niebezpiecznego (ang. unsafe) atrybutu "data_wolne_dni" klasy "Konfiguracja" nie powiodło się
in C:\xampp\htdocs\2mCRM\protected\controllers\KonfiguracjaController.php (97)
in C:\xampp\htdocs\2mCRM\index.php (13)
2015/04/14 14:12:51 [warning] [application] Ustawianie niebezpiecznego (ang. unsafe) atrybutu "data_wolne_dni" klasy "Konfiguracja" nie powiodło się
in C:\xampp\htdocs\2mCRM\protected\controllers\KonfiguracjaController.php (97)
in C:\xampp\htdocs\2mCRM\index.php (13)
2015/05/04 08:26:16 [error] [exception.CException] exception 'CException' with message 'Klasa Klient ma niewłaściwą regułę sprawdzania poprawności. Reguła musi określać atrybuty, które mają zostać zweryfikowane i nazwę walidatora.' in C:\xampp\htdocs\yii\framework\base\CModel.php:289
Stack trace:
#0 C:\xampp\htdocs\yii\framework\base\CModel.php(260): CModel->createValidators()
#1 C:\xampp\htdocs\yii\framework\base\CModel.php(158): CModel->getValidators()
#2 C:\xampp\htdocs\yii\framework\db\ar\CActiveRecord.php(808): CModel->validate(NULL)
#3 C:\xampp\htdocs\2mCRM\protected\controllers\KlientController.php(314): CActiveRecord->save()
#4 [internal function]: KlientController->actioncreateByDomain('248244')
#5 C:\xampp\htdocs\yii\framework\web\actions\CAction.php(109): ReflectionMethod->invokeArgs(Object(KlientController), Array)
#6 C:\xampp\htdocs\yii\framework\web\actions\CInlineAction.php(47): CAction->runWithParamsInternal(Object(KlientController), Object(ReflectionMethod), Array)
#7 C:\xampp\htdocs\yii\framework\web\CController.php(308): CInlineAction->runWithParams(Array)
#8 C:\xampp\htdocs\yii\framework\web\filters\CFilterChain.php(133): CController->runAction(Object(CInlineAction))
#9 C:\xampp\htdocs\yii\framework\web\filters\CFilter.php(40): CFilterChain->run()
#10 C:\xampp\htdocs\yii\framework\web\CController.php(1145): CFilter->filter(Object(CFilterChain))
#11 C:\xampp\htdocs\yii\framework\web\filters\CInlineFilter.php(58): CController->filterAccessControl(Object(CFilterChain))
#12 C:\xampp\htdocs\yii\framework\web\filters\CFilterChain.php(130): CInlineFilter->filter(Object(CFilterChain))
#13 C:\xampp\htdocs\yii\framework\web\CController.php(291): CFilterChain->run()
#14 C:\xampp\htdocs\yii\framework\web\CController.php(265): CController->runActionWithFilters(Object(CInlineAction), Array)
#15 C:\xampp\htdocs\yii\framework\web\CWebApplication.php(282): CController->run('createByDomain')
#16 C:\xampp\htdocs\yii\framework\web\CWebApplication.php(141): CWebApplication->runController('klient/createBy...')
#17 C:\xampp\htdocs\yii\framework\base\CApplication.php(184): CWebApplication->processRequest()
#18 C:\xampp\htdocs\2mCRM\index.php(13): CApplication->run()
#19 {main}
REQUEST_URI=/2mCRM/index.php/klient/createByDomain/248244
HTTP_REFERER=http://localhost/2mCRM/index.php/site/panelKoordynatora
---
2015/05/04 08:26:21 [error] [exception.CException] exception 'CException' with message 'Klasa Klient ma niewłaściwą regułę sprawdzania poprawności. Reguła musi określać atrybuty, które mają zostać zweryfikowane i nazwę walidatora.' in C:\xampp\htdocs\yii\framework\base\CModel.php:289
Stack trace:
#0 C:\xampp\htdocs\yii\framework\base\CModel.php(260): CModel->createValidators()
#1 C:\xampp\htdocs\yii\framework\base\CModel.php(158): CModel->getValidators()
#2 C:\xampp\htdocs\yii\framework\db\ar\CActiveRecord.php(808): CModel->validate(NULL)
#3 C:\xampp\htdocs\2mCRM\protected\controllers\KlientController.php(314): CActiveRecord->save()
#4 [internal function]: KlientController->actioncreateByDomain('248244')
#5 C:\xampp\htdocs\yii\framework\web\actions\CAction.php(109): ReflectionMethod->invokeArgs(Object(KlientController), Array)
#6 C:\xampp\htdocs\yii\framework\web\actions\CInlineAction.php(47): CAction->runWithParamsInternal(Object(KlientController), Object(ReflectionMethod), Array)
#7 C:\xampp\htdocs\yii\framework\web\CController.php(308): CInlineAction->runWithParams(Array)
#8 C:\xampp\htdocs\yii\framework\web\filters\CFilterChain.php(133): CController->runAction(Object(CInlineAction))
#9 C:\xampp\htdocs\yii\framework\web\filters\CFilter.php(40): CFilterChain->run()
#10 C:\xampp\htdocs\yii\framework\web\CController.php(1145): CFilter->filter(Object(CFilterChain))
#11 C:\xampp\htdocs\yii\framework\web\filters\CInlineFilter.php(58): CController->filterAccessControl(Object(CFilterChain))
#12 C:\xampp\htdocs\yii\framework\web\filters\CFilterChain.php(130): CInlineFilter->filter(Object(CFilterChain))
#13 C:\xampp\htdocs\yii\framework\web\CController.php(291): CFilterChain->run()
#14 C:\xampp\htdocs\yii\framework\web\CController.php(265): CController->runActionWithFilters(Object(CInlineAction), Array)
#15 C:\xampp\htdocs\yii\framework\web\CWebApplication.php(282): CController->run('createByDomain')
#16 C:\xampp\htdocs\yii\framework\web\CWebApplication.php(141): CWebApplication->runController('klient/createBy...')
#17 C:\xampp\htdocs\yii\framework\base\CApplication.php(184): CWebApplication->processRequest()
#18 C:\xampp\htdocs\2mCRM\index.php(13): CApplication->run()
#19 {main}
REQUEST_URI=/2mCRM/index.php/klient/createByDomain/248244
HTTP_REFERER=http://localhost/2mCRM/index.php/site/panelKoordynatora
---
2015/05/04 08:26:39 [error] [exception.CException] exception 'CException' with message 'Klasa Klient ma niewłaściwą regułę sprawdzania poprawności. Reguła musi określać atrybuty, które mają zostać zweryfikowane i nazwę walidatora.' in C:\xampp\htdocs\yii\framework\base\CModel.php:289
Stack trace:
#0 C:\xampp\htdocs\yii\framework\base\CModel.php(260): CModel->createValidators()
#1 C:\xampp\htdocs\yii\framework\base\CModel.php(158): CModel->getValidators()
#2 C:\xampp\htdocs\yii\framework\db\ar\CActiveRecord.php(808): CModel->validate(NULL)
#3 C:\xampp\htdocs\2mCRM\protected\controllers\KlientController.php(314): CActiveRecord->save()
#4 [internal function]: KlientController->actioncreateByDomain('248244')
#5 C:\xampp\htdocs\yii\framework\web\actions\CAction.php(109): ReflectionMethod->invokeArgs(Object(KlientController), Array)
#6 C:\xampp\htdocs\yii\framework\web\actions\CInlineAction.php(47): CAction->runWithParamsInternal(Object(KlientController), Object(ReflectionMethod), Array)
#7 C:\xampp\htdocs\yii\framework\web\CController.php(308): CInlineAction->runWithParams(Array)
#8 C:\xampp\htdocs\yii\framework\web\filters\CFilterChain.php(133): CController->runAction(Object(CInlineAction))
#9 C:\xampp\htdocs\yii\framework\web\filters\CFilter.php(40): CFilterChain->run()
#10 C:\xampp\htdocs\yii\framework\web\CController.php(1145): CFilter->filter(Object(CFilterChain))
#11 C:\xampp\htdocs\yii\framework\web\filters\CInlineFilter.php(58): CController->filterAccessControl(Object(CFilterChain))
#12 C:\xampp\htdocs\yii\framework\web\filters\CFilterChain.php(130): CInlineFilter->filter(Object(CFilterChain))
#13 C:\xampp\htdocs\yii\framework\web\CController.php(291): CFilterChain->run()
#14 C:\xampp\htdocs\yii\framework\web\CController.php(265): CController->runActionWithFilters(Object(CInlineAction), Array)
#15 C:\xampp\htdocs\yii\framework\web\CWebApplication.php(282): CController->run('createByDomain')
#16 C:\xampp\htdocs\yii\framework\web\CWebApplication.php(141): CWebApplication->runController('klient/createBy...')
#17 C:\xampp\htdocs\yii\framework\base\CApplication.php(184): CWebApplication->processRequest()
#18 C:\xampp\htdocs\2mCRM\index.php(13): CApplication->run()
#19 {main}
REQUEST_URI=/2mCRM/index.php/klient/createByDomain/248244
HTTP_REFERER=http://localhost/2mCRM/index.php/site/panelKoordynatora
---
2015/05/04 08:26:55 [error] [exception.CException] exception 'CException' with message 'Klasa Klient ma niewłaściwą regułę sprawdzania poprawności. Reguła musi określać atrybuty, które mają zostać zweryfikowane i nazwę walidatora.' in C:\xampp\htdocs\yii\framework\base\CModel.php:289
Stack trace:
#0 C:\xampp\htdocs\yii\framework\base\CModel.php(260): CModel->createValidators()
#1 C:\xampp\htdocs\yii\framework\base\CModel.php(158): CModel->getValidators()
#2 C:\xampp\htdocs\yii\framework\db\ar\CActiveRecord.php(808): CModel->validate(NULL)
#3 C:\xampp\htdocs\2mCRM\protected\controllers\KlientController.php(314): CActiveRecord->save()
#4 [internal function]: KlientController->actioncreateByDomain('248244')
#5 C:\xampp\htdocs\yii\framework\web\actions\CAction.php(109): ReflectionMethod->invokeArgs(Object(KlientController), Array)
#6 C:\xampp\htdocs\yii\framework\web\actions\CInlineAction.php(47): CAction->runWithParamsInternal(Object(KlientController), Object(ReflectionMethod), Array)
#7 C:\xampp\htdocs\yii\framework\web\CController.php(308): CInlineAction->runWithParams(Array)
#8 C:\xampp\htdocs\yii\framework\web\filters\CFilterChain.php(133): CController->runAction(Object(CInlineAction))
#9 C:\xampp\htdocs\yii\framework\web\filters\CFilter.php(40): CFilterChain->run()
#10 C:\xampp\htdocs\yii\framework\web\CController.php(1145): CFilter->filter(Object(CFilterChain))
#11 C:\xampp\htdocs\yii\framework\web\filters\CInlineFilter.php(58): CController->filterAccessControl(Object(CFilterChain))
#12 C:\xampp\htdocs\yii\framework\web\filters\CFilterChain.php(130): CInlineFilter->filter(Object(CFilterChain))
#13 C:\xampp\htdocs\yii\framework\web\CController.php(291): CFilterChain->run()
#14 C:\xampp\htdocs\yii\framework\web\CController.php(265): CController->runActionWithFilters(Object(CInlineAction), Array)
#15 C:\xampp\htdocs\yii\framework\web\CWebApplication.php(282): CController->run('createByDomain')
#16 C:\xampp\htdocs\yii\framework\web\CWebApplication.php(141): CWebApplication->runController('klient/createBy...')
#17 C:\xampp\htdocs\yii\framework\base\CApplication.php(184): CWebApplication->processRequest()
#18 C:\xampp\htdocs\2mCRM\index.php(13): CApplication->run()
#19 {main}
REQUEST_URI=/2mCRM/index.php/klient/createByDomain/248244
HTTP_REFERER=http://localhost/2mCRM/index.php/site/panelKoordynatora
---
2015/05/04 08:26:59 [error] [exception.CException] exception 'CException' with message 'Klasa Klient ma niewłaściwą regułę sprawdzania poprawności. Reguła musi określać atrybuty, które mają zostać zweryfikowane i nazwę walidatora.' in C:\xampp\htdocs\yii\framework\base\CModel.php:289
Stack trace:
#0 C:\xampp\htdocs\yii\framework\base\CModel.php(260): CModel->createValidators()
#1 C:\xampp\htdocs\yii\framework\base\CModel.php(158): CModel->getValidators()
#2 C:\xampp\htdocs\yii\framework\db\ar\CActiveRecord.php(808): CModel->validate(NULL)
#3 C:\xampp\htdocs\2mCRM\protected\controllers\KlientController.php(314): CActiveRecord->save()
#4 [internal function]: KlientController->actioncreateByDomain('248244')
#5 C:\xampp\htdocs\yii\framework\web\actions\CAction.php(109): ReflectionMethod->invokeArgs(Object(KlientController), Array)
#6 C:\xampp\htdocs\yii\framework\web\actions\CInlineAction.php(47): CAction->runWithParamsInternal(Object(KlientController), Object(ReflectionMethod), Array)
#7 C:\xampp\htdocs\yii\framework\web\CController.php(308): CInlineAction->runWithParams(Array)
#8 C:\xampp\htdocs\yii\framework\web\filters\CFilterChain.php(133): CController->runAction(Object(CInlineAction))
#9 C:\xampp\htdocs\yii\framework\web\filters\CFilter.php(40): CFilterChain->run()
#10 C:\xampp\htdocs\yii\framework\web\CController.php(1145): CFilter->filter(Object(CFilterChain))
#11 C:\xampp\htdocs\yii\framework\web\filters\CInlineFilter.php(58): CController->filterAccessControl(Object(CFilterChain))
#12 C:\xampp\htdocs\yii\framework\web\filters\CFilterChain.php(130): CInlineFilter->filter(Object(CFilterChain))
#13 C:\xampp\htdocs\yii\framework\web\CController.php(291): CFilterChain->run()
#14 C:\xampp\htdocs\yii\framework\web\CController.php(265): CController->runActionWithFilters(Object(CInlineAction), Array)
#15 C:\xampp\htdocs\yii\framework\web\CWebApplication.php(282): CController->run('createByDomain')
#16 C:\xampp\htdocs\yii\framework\web\CWebApplication.php(141): CWebApplication->runController('klient/createBy...')
#17 C:\xampp\htdocs\yii\framework\base\CApplication.php(184): CWebApplication->processRequest()
#18 C:\xampp\htdocs\2mCRM\index.php(13): CApplication->run()
#19 {main}
REQUEST_URI=/2mCRM/index.php/klient/createByDomain/248244
HTTP_REFERER=http://localhost/2mCRM/index.php/site/panelKoordynatora
---
2015/05/04 08:40:00 [error] [php] Undefined variable: dataProvider (C:\xampp\htdocs\2mCRM\protected\views\klient\_form.php:86)
Stack trace:
#0 C:\xampp\htdocs\yii\framework\web\CController.php(869): KlientController->renderFile()
#1 C:\xampp\htdocs\2mCRM\protected\views\klient\create.php(22): KlientController->renderPartial()
#2 C:\xampp\htdocs\yii\framework\web\CBaseController.php(126): require()
#3 C:\xampp\htdocs\yii\framework\web\CBaseController.php(95): KlientController->renderInternal()
#4 C:\xampp\htdocs\yii\framework\web\CController.php(869): KlientController->renderFile()
#5 C:\xampp\htdocs\yii\framework\web\CController.php(782): KlientController->renderPartial()
#6 C:\xampp\htdocs\2mCRM\protected\controllers\KlientController.php(112): KlientController->render()
#7 C:\xampp\htdocs\yii\framework\web\actions\CInlineAction.php(49): KlientController->actionCreate()
#8 C:\xampp\htdocs\yii\framework\web\CController.php(308): CInlineAction->runWithParams()
#9 C:\xampp\htdocs\yii\framework\web\filters\CFilterChain.php(133): KlientController->runAction()
#10 C:\xampp\htdocs\yii\framework\web\filters\CFilter.php(40): CFilterChain->run()
#11 C:\xampp\htdocs\yii\framework\web\CController.php(1145): CAccessControlFilter->filter()
#12 C:\xampp\htdocs\yii\framework\web\filters\CInlineFilter.php(58): KlientController->filterAccessControl()
#13 C:\xampp\htdocs\yii\framework\web\filters\CFilterChain.php(130): CInlineFilter->filter()
#14 C:\xampp\htdocs\yii\framework\web\CController.php(291): CFilterChain->run()
#15 C:\xampp\htdocs\yii\framework\web\CController.php(265): KlientController->runActionWithFilters()
#16 C:\xampp\htdocs\yii\framework\web\CWebApplication.php(282): KlientController->run()
#17 C:\xampp\htdocs\yii\framework\web\CWebApplication.php(141): CWebApplication->runController()
#18 C:\xampp\htdocs\yii\framework\base\CApplication.php(184): CWebApplication->processRequest()
#19 C:\xampp\htdocs\2mCRM\index.php(13): CWebApplication->run()
REQUEST_URI=/2mCRM/index.php/klient/create
in C:\xampp\htdocs\2mCRM\protected\views\klient\_form.php (86)
in C:\xampp\htdocs\2mCRM\protected\views\klient\create.php (22)
in C:\xampp\htdocs\2mCRM\protected\controllers\KlientController.php (112)
2015/05/04 08:40:54 [error] [exception.CException] exception 'CException' with message 'Kontroler KlientController nie może znaleźć wymaganego widoku "domains/_form".' in C:\xampp\htdocs\yii\framework\web\CController.php:878
Stack trace:
#0 C:\xampp\htdocs\2mCRM\protected\views\klient\_form.php(126): CController->renderPartial('domains/_form', Array)
#1 C:\xampp\htdocs\yii\framework\web\CBaseController.php(126): require('C:\xampp\htdocs...')
#2 C:\xampp\htdocs\yii\framework\web\CBaseController.php(95): CBaseController->renderInternal('C:\xampp\htdocs...', Array, true)
#3 C:\xampp\htdocs\yii\framework\web\CController.php(869): CBaseController->renderFile('C:\xampp\htdocs...', Array, true)
#4 C:\xampp\htdocs\2mCRM\protected\views\klient\create.php(22): CController->renderPartial('_form', Array)
#5 C:\xampp\htdocs\yii\framework\web\CBaseController.php(126): require('C:\xampp\htdocs...')
#6 C:\xampp\htdocs\yii\framework\web\CBaseController.php(95): CBaseController->renderInternal('C:\xampp\htdocs...', Array, true)
#7 C:\xampp\htdocs\yii\framework\web\CController.php(869): CBaseController->renderFile('C:\xampp\htdocs...', Array, true)
#8 C:\xampp\htdocs\yii\framework\web\CController.php(782): CController->renderPartial('create', Array, true)
#9 C:\xampp\htdocs\2mCRM\protected\controllers\KlientController.php(112): CController->render('create', Array)
#10 C:\xampp\htdocs\yii\framework\web\actions\CInlineAction.php(49): KlientController->actionCreate()
#11 C:\xampp\htdocs\yii\framework\web\CController.php(308): CInlineAction->runWithParams(Array)
#12 C:\xampp\htdocs\yii\framework\web\filters\CFilterChain.php(133): CController->runAction(Object(CInlineAction))
#13 C:\xampp\htdocs\yii\framework\web\filters\CFilter.php(40): CFilterChain->run()
#14 C:\xampp\htdocs\yii\framework\web\CController.php(1145): CFilter->filter(Object(CFilterChain))
#15 C:\xampp\htdocs\yii\framework\web\filters\CInlineFilter.php(58): CController->filterAccessControl(Object(CFilterChain))
#16 C:\xampp\htdocs\yii\framework\web\filters\CFilterChain.php(130): CInlineFilter->filter(Object(CFilterChain))
#17 C:\xampp\htdocs\yii\framework\web\CController.php(291): CFilterChain->run()
#18 C:\xampp\htdocs\yii\framework\web\CController.php(265): CController->runActionWithFilters(Object(CInlineAction), Array)
#19 C:\xampp\htdocs\yii\framework\web\CWebApplication.php(282): CController->run('create')
#20 C:\xampp\htdocs\yii\framework\web\CWebApplication.php(141): CWebApplication->runController('klient/create')
#21 C:\xampp\htdocs\yii\framework\base\CApplication.php(184): CWebApplication->processRequest()
#22 C:\xampp\htdocs\2mCRM\index.php(13): CApplication->run()
#23 {main}
REQUEST_URI=/2mCRM/index.php/klient/create
HTTP_REFERER=http://localhost/2mCRM/index.php/klient/update/81
---
2015/05/04 08:41:14 [error] [php] Undefined variable: model (C:\xampp\htdocs\2mCRM\protected\views\domains\_form.php:19)
Stack trace:
#0 C:\xampp\htdocs\yii\framework\web\CController.php(869): KlientController->renderFile()
#1 C:\xampp\htdocs\2mCRM\protected\views\klient\_form.php(126): KlientController->renderPartial()
#2 C:\xampp\htdocs\yii\framework\web\CBaseController.php(126): require()
#3 C:\xampp\htdocs\yii\framework\web\CBaseController.php(95): KlientController->renderInternal()
#4 C:\xampp\htdocs\yii\framework\web\CController.php(869): KlientController->renderFile()
#5 C:\xampp\htdocs\2mCRM\protected\views\klient\create.php(22): KlientController->renderPartial()
#6 C:\xampp\htdocs\yii\framework\web\CBaseController.php(126): require()
#7 C:\xampp\htdocs\yii\framework\web\CBaseController.php(95): KlientController->renderInternal()
#8 C:\xampp\htdocs\yii\framework\web\CController.php(869): KlientController->renderFile()
#9 C:\xampp\htdocs\yii\framework\web\CController.php(782): KlientController->renderPartial()
#10 C:\xampp\htdocs\2mCRM\protected\controllers\KlientController.php(112): KlientController->render()
#11 C:\xampp\htdocs\yii\framework\web\actions\CInlineAction.php(49): KlientController->actionCreate()
#12 C:\xampp\htdocs\yii\framework\web\CController.php(308): CInlineAction->runWithParams()
#13 C:\xampp\htdocs\yii\framework\web\filters\CFilterChain.php(133): KlientController->runAction()
#14 C:\xampp\htdocs\yii\framework\web\filters\CFilter.php(40): CFilterChain->run()
#15 C:\xampp\htdocs\yii\framework\web\CController.php(1145): CAccessControlFilter->filter()
#16 C:\xampp\htdocs\yii\framework\web\filters\CInlineFilter.php(58): KlientController->filterAccessControl()
#17 C:\xampp\htdocs\yii\framework\web\filters\CFilterChain.php(130): CInlineFilter->filter()
#18 C:\xampp\htdocs\yii\framework\web\CController.php(291): CFilterChain->run()
#19 C:\xampp\htdocs\yii\framework\web\CController.php(265): KlientController->runActionWithFilters()
#20 C:\xampp\htdocs\yii\framework\web\CWebApplication.php(282): KlientController->run()
#21 C:\xampp\htdocs\yii\framework\web\CWebApplication.php(141): CWebApplication->runController()
#22 C:\xampp\htdocs\yii\framework\base\CApplication.php(184): CWebApplication->processRequest()
#23 C:\xampp\htdocs\2mCRM\index.php(13): CWebApplication->run()
REQUEST_URI=/2mCRM/index.php/klient/create
in C:\xampp\htdocs\2mCRM\protected\views\domains\_form.php (19)
in C:\xampp\htdocs\2mCRM\protected\views\klient\_form.php (126)
in C:\xampp\htdocs\2mCRM\protected\views\klient\create.php (22)
2015/05/04 08:46:44 [error] [exception.CHttpException.404] exception 'CHttpException' with message 'System nie może odnaleźć żądanej akcji "createDomain".' in C:\xampp\htdocs\yii\framework\web\CController.php:483
Stack trace:
#0 C:\xampp\htdocs\yii\framework\web\CController.php(270): CController->missingAction('createDomain')
#1 C:\xampp\htdocs\yii\framework\web\CWebApplication.php(282): CController->run('createDomain')
#2 C:\xampp\htdocs\yii\framework\web\CWebApplication.php(141): CWebApplication->runController('klient/createDo...')
#3 C:\xampp\htdocs\yii\framework\base\CApplication.php(184): CWebApplication->processRequest()
#4 C:\xampp\htdocs\2mCRM\index.php(13): CApplication->run()
#5 {main}
REQUEST_URI=/2mCRM/index.php/klient/createDomain
HTTP_REFERER=http://localhost/2mCRM/index.php/klient/create
---
2015/05/04 08:52:57 [error] [exception.CHttpException.403] exception 'CHttpException' with message 'Nie jesteś upoważniony do wykonania tej akcji.' in C:\xampp\htdocs\yii\framework\web\auth\CAccessControlFilter.php:182
Stack trace:
#0 C:\xampp\htdocs\yii\framework\web\auth\CAccessControlFilter.php(145): CAccessControlFilter->accessDenied(Object(WebUser), 'Nie jeste?? upo...')
#1 C:\xampp\htdocs\yii\framework\web\filters\CFilter.php(38): CAccessControlFilter->preFilter(Object(CFilterChain))
#2 C:\xampp\htdocs\yii\framework\web\CController.php(1145): CFilter->filter(Object(CFilterChain))
#3 C:\xampp\htdocs\yii\framework\web\filters\CInlineFilter.php(58): CController->filterAccessControl(Object(CFilterChain))
#4 C:\xampp\htdocs\yii\framework\web\filters\CFilterChain.php(130): CInlineFilter->filter(Object(CFilterChain))
#5 C:\xampp\htdocs\yii\framework\web\CController.php(291): CFilterChain->run()
#6 C:\xampp\htdocs\yii\framework\web\CController.php(265): CController->runActionWithFilters(Object(CInlineAction), Array)
#7 C:\xampp\htdocs\yii\framework\web\CWebApplication.php(282): CController->run('createDomain')
#8 C:\xampp\htdocs\yii\framework\web\CWebApplication.php(141): CWebApplication->runController('klient/createDo...')
#9 C:\xampp\htdocs\yii\framework\base\CApplication.php(184): CWebApplication->processRequest()
#10 C:\xampp\htdocs\2mCRM\index.php(13): CApplication->run()
#11 {main}
REQUEST_URI=/2mCRM/index.php/klient/createDomain
HTTP_REFERER=http://localhost/2mCRM/index.php/klient/create
---
2015/05/04 08:52:59 [error] [exception.CHttpException.403] exception 'CHttpException' with message 'Nie jesteś upoważniony do wykonania tej akcji.' in C:\xampp\htdocs\yii\framework\web\auth\CAccessControlFilter.php:182
Stack trace:
#0 C:\xampp\htdocs\yii\framework\web\auth\CAccessControlFilter.php(145): CAccessControlFilter->accessDenied(Object(WebUser), 'Nie jeste?? upo...')
#1 C:\xampp\htdocs\yii\framework\web\filters\CFilter.php(38): CAccessControlFilter->preFilter(Object(CFilterChain))
#2 C:\xampp\htdocs\yii\framework\web\CController.php(1145): CFilter->filter(Object(CFilterChain))
#3 C:\xampp\htdocs\yii\framework\web\filters\CInlineFilter.php(58): CController->filterAccessControl(Object(CFilterChain))
#4 C:\xampp\htdocs\yii\framework\web\filters\CFilterChain.php(130): CInlineFilter->filter(Object(CFilterChain))
#5 C:\xampp\htdocs\yii\framework\web\CController.php(291): CFilterChain->run()
#6 C:\xampp\htdocs\yii\framework\web\CController.php(265): CController->runActionWithFilters(Object(CInlineAction), Array)
#7 C:\xampp\htdocs\yii\framework\web\CWebApplication.php(282): CController->run('createDomain')
#8 C:\xampp\htdocs\yii\framework\web\CWebApplication.php(141): CWebApplication->runController('klient/createDo...')
#9 C:\xampp\htdocs\yii\framework\base\CApplication.php(184): CWebApplication->processRequest()
#10 C:\xampp\htdocs\2mCRM\index.php(13): CApplication->run()
#11 {main}
REQUEST_URI=/2mCRM/index.php/klient/createDomain
HTTP_REFERER=http://localhost/2mCRM/index.php/klient/create
---
2015/05/04 08:55:43 [error] [php] Undefined variable: txt (C:\xampp\htdocs\2mCRM\protected\controllers\KlientController.php:360)
Stack trace:
#0 C:\xampp\htdocs\yii\framework\web\filters\CFilterChain.php(133): KlientController->runAction()
#1 C:\xampp\htdocs\yii\framework\web\filters\CFilter.php(40): CFilterChain->run()
#2 C:\xampp\htdocs\yii\framework\web\CController.php(1145): CAccessControlFilter->filter()
#3 C:\xampp\htdocs\yii\framework\web\filters\CInlineFilter.php(58): KlientController->filterAccessControl()
#4 C:\xampp\htdocs\yii\framework\web\filters\CFilterChain.php(130): CInlineFilter->filter()
#5 C:\xampp\htdocs\yii\framework\web\CController.php(291): CFilterChain->run()
#6 C:\xampp\htdocs\yii\framework\web\CController.php(265): KlientController->runActionWithFilters()
#7 C:\xampp\htdocs\yii\framework\web\CWebApplication.php(282): KlientController->run()
#8 C:\xampp\htdocs\yii\framework\web\CWebApplication.php(141): CWebApplication->runController()
#9 C:\xampp\htdocs\yii\framework\base\CApplication.php(184): CWebApplication->processRequest()
#10 C:\xampp\htdocs\2mCRM\index.php(13): CWebApplication->run()
REQUEST_URI=/2mCRM/index.php/klient/createDomain
in C:\xampp\htdocs\2mCRM\protected\controllers\KlientController.php (360)
in C:\xampp\htdocs\2mCRM\index.php (13)
2015/05/04 08:58:12 [error] [php] Undefined variable: txt (C:\xampp\htdocs\2mCRM\protected\controllers\KlientController.php:360)
Stack trace:
#0 C:\xampp\htdocs\yii\framework\web\filters\CFilterChain.php(133): KlientController->runAction()
#1 C:\xampp\htdocs\yii\framework\web\filters\CFilter.php(40): CFilterChain->run()
#2 C:\xampp\htdocs\yii\framework\web\CController.php(1145): CAccessControlFilter->filter()
#3 C:\xampp\htdocs\yii\framework\web\filters\CInlineFilter.php(58): KlientController->filterAccessControl()
#4 C:\xampp\htdocs\yii\framework\web\filters\CFilterChain.php(130): CInlineFilter->filter()
#5 C:\xampp\htdocs\yii\framework\web\CController.php(291): CFilterChain->run()
#6 C:\xampp\htdocs\yii\framework\web\CController.php(265): KlientController->runActionWithFilters()
#7 C:\xampp\htdocs\yii\framework\web\CWebApplication.php(282): KlientController->run()
#8 C:\xampp\htdocs\yii\framework\web\CWebApplication.php(141): CWebApplication->runController()
#9 C:\xampp\htdocs\yii\framework\base\CApplication.php(184): CWebApplication->processRequest()
#10 C:\xampp\htdocs\2mCRM\index.php(13): CWebApplication->run()
REQUEST_URI=/2mCRM/index.php/klient/createDomain
in C:\xampp\htdocs\2mCRM\protected\controllers\KlientController.php (360)
in C:\xampp\htdocs\2mCRM\index.php (13)
2015/05/04 08:58:35 [error] [php] Undefined variable: txt (C:\xampp\htdocs\2mCRM\protected\controllers\KlientController.php:360)
Stack trace:
#0 C:\xampp\htdocs\yii\framework\web\filters\CFilterChain.php(133): KlientController->runAction()
#1 C:\xampp\htdocs\yii\framework\web\filters\CFilter.php(40): CFilterChain->run()
#2 C:\xampp\htdocs\yii\framework\web\CController.php(1145): CAccessControlFilter->filter()
#3 C:\xampp\htdocs\yii\framework\web\filters\CInlineFilter.php(58): KlientController->filterAccessControl()
#4 C:\xampp\htdocs\yii\framework\web\filters\CFilterChain.php(130): CInlineFilter->filter()
#5 C:\xampp\htdocs\yii\framework\web\CController.php(291): CFilterChain->run()
#6 C:\xampp\htdocs\yii\framework\web\CController.php(265): KlientController->runActionWithFilters()
#7 C:\xampp\htdocs\yii\framework\web\CWebApplication.php(282): KlientController->run()
#8 C:\xampp\htdocs\yii\framework\web\CWebApplication.php(141): CWebApplication->runController()
#9 C:\xampp\htdocs\yii\framework\base\CApplication.php(184): CWebApplication->processRequest()
#10 C:\xampp\htdocs\2mCRM\index.php(13): CWebApplication->run()
REQUEST_URI=/2mCRM/index.php/klient/createDomain
in C:\xampp\htdocs\2mCRM\protected\controllers\KlientController.php (360)
in C:\xampp\htdocs\2mCRM\index.php (13)
2015/05/04 08:58:39 [error] [php] Undefined variable: txt (C:\xampp\htdocs\2mCRM\protected\controllers\KlientController.php:360)
Stack trace:
#0 C:\xampp\htdocs\yii\framework\web\filters\CFilterChain.php(133): KlientController->runAction()
#1 C:\xampp\htdocs\yii\framework\web\filters\CFilter.php(40): CFilterChain->run()
#2 C:\xampp\htdocs\yii\framework\web\CController.php(1145): CAccessControlFilter->filter()
#3 C:\xampp\htdocs\yii\framework\web\filters\CInlineFilter.php(58): KlientController->filterAccessControl()
#4 C:\xampp\htdocs\yii\framework\web\filters\CFilterChain.php(130): CInlineFilter->filter()
#5 C:\xampp\htdocs\yii\framework\web\CController.php(291): CFilterChain->run()
#6 C:\xampp\htdocs\yii\framework\web\CController.php(265): KlientController->runActionWithFilters()
#7 C:\xampp\htdocs\yii\framework\web\CWebApplication.php(282): KlientController->run()
#8 C:\xampp\htdocs\yii\framework\web\CWebApplication.php(141): CWebApplication->runController()
#9 C:\xampp\htdocs\yii\framework\base\CApplication.php(184): CWebApplication->processRequest()
#10 C:\xampp\htdocs\2mCRM\index.php(13): CWebApplication->run()
REQUEST_URI=/2mCRM/index.php/klient/createDomain
in C:\xampp\htdocs\2mCRM\protected\controllers\KlientController.php (360)
in C:\xampp\htdocs\2mCRM\index.php (13)
2015/05/04 09:35:44 [error] [php] include(Doamins.php): failed to open stream: No such file or directory (C:\xampp\htdocs\yii\framework\YiiBase.php:432)
Stack trace:
#0 C:\xampp\htdocs\yii\framework\db\ar\CActiveRecord.php(395): spl_autoload_call()
#1 C:\xampp\htdocs\yii\framework\validators\CUniqueValidator.php(148): model()
#2 C:\xampp\htdocs\yii\framework\validators\CUniqueValidator.php(95): CUniqueValidator->getModel()
#3 C:\xampp\htdocs\yii\framework\validators\CValidator.php(201): CUniqueValidator->validateAttribute()
#4 C:\xampp\htdocs\yii\framework\base\CModel.php(159): CUniqueValidator->validate()
#5 C:\xampp\htdocs\yii\framework\db\ar\CActiveRecord.php(808): Domains->validate()
#6 C:\xampp\htdocs\2mCRM\protected\controllers\DomainsController.php(78): Domains->save()
#7 C:\xampp\htdocs\yii\framework\web\actions\CInlineAction.php(49): DomainsController->actionCreate()
#8 C:\xampp\htdocs\yii\framework\web\CController.php(308): CInlineAction->runWithParams()
#9 C:\xampp\htdocs\yii\framework\web\filters\CFilterChain.php(133): DomainsController->runAction()
#10 C:\xampp\htdocs\yii\framework\web\filters\CFilter.php(40): CFilterChain->run()
#11 C:\xampp\htdocs\yii\framework\web\CController.php(1145): CAccessControlFilter->filter()
#12 C:\xampp\htdocs\yii\framework\web\filters\CInlineFilter.php(58): DomainsController->filterAccessControl()
#13 C:\xampp\htdocs\yii\framework\web\filters\CFilterChain.php(130): CInlineFilter->filter()
#14 C:\xampp\htdocs\yii\framework\web\CController.php(291): CFilterChain->run()
#15 C:\xampp\htdocs\yii\framework\web\CController.php(265): DomainsController->runActionWithFilters()
#16 C:\xampp\htdocs\yii\framework\web\CWebApplication.php(282): DomainsController->run()
#17 C:\xampp\htdocs\yii\framework\web\CWebApplication.php(141): CWebApplication->runController()
#18 C:\xampp\htdocs\yii\framework\base\CApplication.php(184): CWebApplication->processRequest()
#19 C:\xampp\htdocs\2mCRM\index.php(13): CWebApplication->run()
REQUEST_URI=/2mCRM/index.php/domains/create
in C:\xampp\htdocs\2mCRM\protected\controllers\DomainsController.php (78)
in C:\xampp\htdocs\2mCRM\index.php (13)
